[ 2026-06-03 14:32:31,340 ] 42 root - INFO - Start data Ingestion
[ 2026-06-03 14:32:35,211 ] 65 root - INFO - Performed train test split on the dataframe
[ 2026-06-03 14:32:35,211 ] 67 root - INFO - Exited split_data_as_train_test method of Data_Ingestion class
[ 2026-06-03 14:32:35,212 ] 75 root - INFO - Exporting train and test file path.
[ 2026-06-03 14:32:35,315 ] 84 root - INFO - Exported train and test file path.
[ 2026-06-03 14:32:35,316 ] 45 root - INFO - Data Ingestion completed and artifact: DataIngestionArtifact(trained_file_path='Artifacts\\06_03_2026_14_32_01\\data_ingestion\\ingested\\train.csv', test_file_path='Artifacts\\06_03_2026_14_32_01\\data_ingestion\\ingested\\test.csv')
[ 2026-06-03 14:32:35,327 ] 55 root - INFO - Initiate the data Validation
[ 2026-06-03 14:32:35,374 ] 32 root - INFO - Required number of columns:2
[ 2026-06-03 14:32:35,374 ] 33 root - INFO - Data frame has columns:31
[ 2026-06-03 14:32:35,374 ] 32 root - INFO - Required number of columns:2
[ 2026-06-03 14:32:35,374 ] 33 root - INFO - Data frame has columns:31
[ 2026-06-03 14:32:35,628 ] 63 root - INFO - Entered initiate_data_transformation method of DataTransformation class
[ 2026-06-03 14:32:35,628 ] 65 root - INFO - Starting data transformation
[ 2026-06-03 14:32:35,672 ] 48 root - INFO - Entered get_data_trnasformer_object method of Trnasformation class
[ 2026-06-03 14:32:35,672 ] 53 root - INFO - Initialise KNNImputer with {'missing_values': nan, 'n_neighbors': 3, 'weights': 'uniform'}
[ 2026-06-03 14:32:35,695 ] 46 root - INFO - Entered the save_object method of MainUtils class
[ 2026-06-03 14:32:35,700 ] 50 root - INFO - Exited the save_object method of MainUtils class
[ 2026-06-03 14:32:35,701 ] 46 root - INFO - Entered the save_object method of MainUtils class
[ 2026-06-03 14:32:35,704 ] 50 root - INFO - Exited the save_object method of MainUtils class
[ 2026-06-03 14:40:17,835 ] 46 root - INFO - Entered the save_object method of MainUtils class
[ 2026-06-03 14:40:17,839 ] 50 root - INFO - Exited the save_object method of MainUtils class
[ 2026-06-03 14:40:17,839 ] 46 root - INFO - Entered the save_object method of MainUtils class
[ 2026-06-03 14:40:17,850 ] 50 root - INFO - Exited the save_object method of MainUtils class
[ 2026-06-03 14:40:17,851 ] 153 root - INFO - Model trainer artifact: ModelTrainerArtifact(trained_model_file_path='Artifacts\\06_03_2026_14_32_01\\model_trainer\\trained_model\\model.pkl', train_metric_artifact=ClassificationMetricArtifact(f1_score=0.9913871719525787, precision_score=0.9890820865345734, recall_score=0.9937030266097908), test_metric_artifact=ClassificationMetricArtifact(f1_score=0.9782958199356914, precision_score=0.970494417862839, recall_score=0.986223662884927))
